This file contains any messages produced by compilers while
running configure, to aid debugging if configure makes a mistake.

configure:565: checking for a BSD compatible install
configure:618: checking whether build environment is sane
configure:675: checking whether make sets ${MAKE}
configure:721: checking for working aclocal
configure:734: checking for working autoconf
configure:747: checking for working automake
configure:760: checking for working autoheader
configure:773: checking for working makeinfo
configure:789: checking for gcc
configure:902: checking whether the C compiler (gcc  ) works
configure:918: gcc -o conftest    conftest.c  1>&5
configure:944: checking whether the C compiler (gcc  ) is a cross-compiler
configure:949: checking whether we are using GNU C
configure:977: checking whether gcc accepts -g
configure:1018: checking for pkg-config
configure:1062: checking for gtk+-2.0 >= 2.0.0
configure:1069: checking GTK_CFLAGS
configure:1074: checking GTK_LIBS
configure:1376: checking how to run the C preprocessor
configure:1456: checking for ANSI C header files
configure:1563: checking for unistd.h
configure:1601: checking for working const
configure:1677: checking return type of signal handlers
configure:1720: checking for mkdir
configure:1720: checking for strtol
